  DFA.cpp
c:\users\j to the w\source\repos\dfaproject\dfaproject\dfa.cpp(8): warning C4018: '<': signed 또는 unsigned가 일치하지 않습니다.
c:\users\j to the w\source\repos\dfaproject\dfaproject\dfa.cpp(11): warning C4018: '<': signed 또는 unsigned가 일치하지 않습니다.
c:\users\j to the w\source\repos\dfaproject\dfaproject\dfa.cpp(39): warning C4018: '<': signed 또는 unsigned가 일치하지 않습니다.
c:\users\j to the w\source\repos\dfaproject\dfaproject\dfa.cpp(63): warning C4018: '<': signed 또는 unsigned가 일치하지 않습니다.
c:\users\j to the w\source\repos\dfaproject\dfaproject\dfa.cpp(95): warning C4018: '<': signed 또는 unsigned가 일치하지 않습니다.
c:\users\j to the w\source\repos\dfaproject\dfaproject\dfa.cpp(110): warning C4018: '<': signed 또는 unsigned가 일치하지 않습니다.
c:\users\j to the w\source\repos\dfaproject\dfaproject\dfa.cpp(118): warning C4018: '<': signed 또는 unsigned가 일치하지 않습니다.
c:\users\j to the w\source\repos\dfaproject\dfaproject\dfa.cpp(120): warning C4018: '<': signed 또는 unsigned가 일치하지 않습니다.
c:\users\j to the w\source\repos\dfaproject\dfaproject\dfa.cpp(132): warning C4018: '<': signed 또는 unsigned가 일치하지 않습니다.
c:\users\j to the w\source\repos\dfaproject\dfaproject\dfa.cpp(137): warning C4018: '>=': signed 또는 unsigned가 일치하지 않습니다.
c:\users\j to the w\source\repos\dfaproject\dfaproject\dfa.cpp(160): warning C4018: '<': signed 또는 unsigned가 일치하지 않습니다.
c:\users\j to the w\source\repos\dfaproject\dfaproject\dfa.cpp(167): warning C4018: '>=': signed 또는 unsigned가 일치하지 않습니다.
c:\users\j to the w\source\repos\dfaproject\dfaproject\dfa.cpp(170): warning C4018: '<': signed 또는 unsigned가 일치하지 않습니다.
c:\users\j to the w\source\repos\dfaproject\dfaproject\dfa.cpp(174): warning C4018: '>=': signed 또는 unsigned가 일치하지 않습니다.
c:\users\j to the w\source\repos\dfaproject\dfaproject\dfa.cpp(185): warning C4018: '<': signed 또는 unsigned가 일치하지 않습니다.
c:\users\j to the w\source\repos\dfaproject\dfaproject\dfa.cpp(187): warning C4018: '<': signed 또는 unsigned가 일치하지 않습니다.
c:\users\j to the w\source\repos\dfaproject\dfaproject\dfa.cpp(192): warning C4018: '<': signed 또는 unsigned가 일치하지 않습니다.
c:\users\j to the w\source\repos\dfaproject\dfaproject\dfa.cpp(194): warning C4018: '<': signed 또는 unsigned가 일치하지 않습니다.
c:\users\j to the w\source\repos\dfaproject\dfaproject\dfa.cpp(203): warning C4018: '<': signed 또는 unsigned가 일치하지 않습니다.
c:\users\j to the w\source\repos\dfaproject\dfaproject\dfa.cpp(214): warning C4018: '<': signed 또는 unsigned가 일치하지 않습니다.
c:\users\j to the w\source\repos\dfaproject\dfaproject\dfa.cpp(217): warning C4018: '<': signed 또는 unsigned가 일치하지 않습니다.
c:\users\j to the w\source\repos\dfaproject\dfaproject\dfa.cpp(223): warning C4018: '>=': signed 또는 unsigned가 일치하지 않습니다.
c:\users\j to the w\source\repos\dfaproject\dfaproject\dfa.cpp(263): warning C4018: '<': signed 또는 unsigned가 일치하지 않습니다.
c:\users\j to the w\source\repos\dfaproject\dfaproject\dfa.cpp(267): warning C4018: '<': signed 또는 unsigned가 일치하지 않습니다.
c:\users\j to the w\source\repos\dfaproject\dfaproject\dfa.cpp(287): warning C4018: '<': signed 또는 unsigned가 일치하지 않습니다.
  main.cpp
  코드를 생성하고 있습니다...
  DFAProject.vcxproj -> C:\Users\J to the W\Source\Repos\DFAProject\Debug\DFAProject.exe
